<?xml version="1.0" encoding="UTF-8"?>
<!-- Generated by org.testng.reporters.JUnitReportReporter -->
<testsuite hostname="sukumar123" name="tests.PlacementTestRunner" tests="1" failures="0" timestamp="16 Feb 2021 08:16:23 GMT" time="12.619" errors="0">
  <testcase name="runScenario" time="12.619" classname="tests.PlacementTestRunner"/>
</testsuite> <!-- tests.PlacementTestRunner -->
